<?xml version="1.0" encoding="UTF-8"?>
<!-- Generated by org.testng.reporters.JUnitXMLReporter -->
<testsuite ignored="0" hostname="LAPTOP-D04C1MQQ" failures="0" tests="3" name="Default test" time="27.893" errors="0" timestamp="2024-03-18T21:50:36 EDT">
  <testcase classname="com.tutorialsNinja.TestCases.SearchProductTest" name="verifySearchValidProduct" time="2.225"/>
  <testcase classname="com.tutorialsNinja.TestCases.SearchProductTest" name="verifySearchInvalidProduct" time="3.123"/>
  <testcase classname="com.tutorialsNinja.TestCases.SearchProductTest" name="verifySearchNoProduct" time="6.263"/>
</testsuite> <!-- Default test -->
