<?xml version="1.0" encoding="UTF-8"?>
<testng-results ignored="0" total="27" passed="26" failed="1" skipped="0">
  <reporter-output>
  </reporter-output>
  <suite started-at="2024-03-21T21:01:37 EDT" name="Suite" finished-at="2024-03-21T21:06:09 EDT" duration-ms="271805">
    <groups>
    </groups>
    <test started-at="2024-03-21T21:01:37 EDT" name="Test" finished-at="2024-03-21T21:06:09 EDT" duration-ms="271805">
      <class name="com.tutorialsNinja.TestCases.SearchProductTest">
        <test-method is-config="true" signature="searchProductSetup()[pri:0, instance:com.tutorialsNinja.TestCases.SearchProductTest@792b749c]" started-at="2024-03-21T21:05:33 EDT" name="searchProductSetup" finished-at="2024-03-21T21:05:38 EDT" duration-ms="5239" status="PASS">
          <reporter-output>
          </reporter-output>
        </test-method> <!-- searchProductSetup -->
        <test-method signature="verifySearchValidProduct()[pri:1, instance:com.tutorialsNinja.TestCases.SearchProductTest@792b749c]" started-at="2024-03-21T21:05:38 EDT" name="verifySearchValidProduct" finished-at="2024-03-21T21:05:39 EDT" duration-ms="769" status="PASS">
          <reporter-output>
          </reporter-output>
        </test-method> <!-- verifySearchValidProduct -->
        <test-method is-config="true" signature="tearDown()[pri:0, instance:com.tutorialsNinja.TestCases.SearchProductTest@792b749c]" started-at="2024-03-21T21:05:39 EDT" name="tearDown" finished-at="2024-03-21T21:05:39 EDT" duration-ms="117" status="PASS">
          <reporter-output>
          </reporter-output>
        </test-method> <!-- tearDown -->
        <test-method is-config="true" signature="searchProductSetup()[pri:0, instance:com.tutorialsNinja.TestCases.SearchProductTest@792b749c]" started-at="2024-03-21T21:05:39 EDT" name="searchProductSetup" finished-at="2024-03-21T21:05:58 EDT" duration-ms="18887" status="PASS">
          <reporter-output>
          </reporter-output>
        </test-method> <!-- searchProductSetup -->
        <test-method signature="verifySearchInvalidProduct()[pri:2, instance:com.tutorialsNinja.TestCases.SearchProductTest@792b749c]" started-at="2024-03-21T21:05:58 EDT" name="verifySearchInvalidProduct" finished-at="2024-03-21T21:05:58 EDT" duration-ms="524" status="FAIL">
          <exception class="java.lang.AssertionError">
            <message>
              <![CDATA[expected [false] but found [true]]]>
            </message>
            <full-stacktrace>
              <![CDATA[java.lang.AssertionError: expected [false] but found [true]
at org.testng.Assert.fail(Assert.java:111)
at org.testng.Assert.failNotEquals(Assert.java:1578)
at org.testng.Assert.assertFalse(Assert.java:79)
at org.testng.Assert.assertFalse(Assert.java:89)
at com.tutorialsNinja.TestCases.SearchProductTest.verifySearchInvalidProduct(SearchProductTest.java:46)
at java.base/jdk.internal.reflect.NativeMethodAccessorImpl.invoke0(Native Method)
at java.base/jdk.internal.reflect.NativeMethodAccessorImpl.invoke(NativeMethodAccessorImpl.java:77)
at java.base/jdk.internal.reflect.DelegatingMethodAccessorImpl.invoke(DelegatingMethodAccessorImpl.java:43)
at java.base/java.lang.reflect.Method.invoke(Method.java:568)
at org.testng.internal.invokers.MethodInvocationHelper.invokeMethod(MethodInvocationHelper.java:139)
at org.testng.internal.invokers.TestInvoker.invokeMethod(TestInvoker.java:664)
at org.testng.internal.invokers.TestInvoker.invokeTestMethod(TestInvoker.java:228)
at org.testng.internal.invokers.MethodRunner.runInSequence(MethodRunner.java:63)
at org.testng.internal.invokers.TestInvoker$MethodInvocationAgent.invoke(TestInvoker.java:961)
at org.testng.internal.invokers.TestInvoker.invokeTestMethods(TestInvoker.java:201)
at org.testng.internal.invokers.TestMethodWorker.invokeTestMethods(TestMethodWorker.java:148)
at org.testng.internal.invokers.TestMethodWorker.run(TestMethodWorker.java:128)
at java.base/java.util.ArrayList.forEach(ArrayList.java:1511)
at org.testng.TestRunner.privateRun(TestRunner.java:819)
at org.testng.TestRunner.run(TestRunner.java:619)
at org.testng.SuiteRunner.runTest(SuiteRunner.java:443)
at org.testng.SuiteRunner.runSequentially(SuiteRunner.java:437)
at org.testng.SuiteRunner.privateRun(SuiteRunner.java:397)
at org.testng.SuiteRunner.run(SuiteRunner.java:336)
at org.testng.SuiteRunnerWorker.runSuite(SuiteRunnerWorker.java:52)
at org.testng.SuiteRunnerWorker.run(SuiteRunnerWorker.java:95)
at org.testng.TestNG.runSuitesSequentially(TestNG.java:1301)
at org.testng.TestNG.runSuitesLocally(TestNG.java:1228)
at org.testng.TestNG.runSuites(TestNG.java:1134)
at org.testng.TestNG.run(TestNG.java:1101)
at org.testng.remote.AbstractRemoteTestNG.run(AbstractRemoteTestNG.java:115)
at org.testng.remote.RemoteTestNG.initAndRun(RemoteTestNG.java:251)
at org.testng.remote.RemoteTestNG.main(RemoteTestNG.java:77)
]]>
            </full-stacktrace>
          </exception> <!-- java.lang.AssertionError -->
          <reporter-output>
          </reporter-output>
        </test-method> <!-- verifySearchInvalidProduct -->
        <test-method is-config="true" signature="tearDown()[pri:0, instance:com.tutorialsNinja.TestCases.SearchProductTest@792b749c]" started-at="2024-03-21T21:05:58 EDT" name="tearDown" finished-at="2024-03-21T21:05:58 EDT" duration-ms="150" status="PASS">
          <reporter-output>
          </reporter-output>
        </test-method> <!-- tearDown -->
        <test-method is-config="true" signature="searchProductSetup()[pri:0, instance:com.tutorialsNinja.TestCases.SearchProductTest@792b749c]" started-at="2024-03-21T21:05:58 EDT" name="searchProductSetup" finished-at="2024-03-21T21:06:09 EDT" duration-ms="10080" status="PASS">
          <reporter-output>
          </reporter-output>
        </test-method> <!-- searchProductSetup -->
        <test-method signature="verifySearchNoProduct()[pri:3, instance:com.tutorialsNinja.TestCases.SearchProductTest@792b749c]" started-at="2024-03-21T21:06:09 EDT" name="verifySearchNoProduct" finished-at="2024-03-21T21:06:09 EDT" duration-ms="450" status="PASS">
          <reporter-output>
          </reporter-output>
        </test-method> <!-- verifySearchNoProduct -->
        <test-method is-config="true" signature="tearDown()[pri:0, instance:com.tutorialsNinja.TestCases.SearchProductTest@792b749c]" started-at="2024-03-21T21:06:09 EDT" name="tearDown" finished-at="2024-03-21T21:06:09 EDT" duration-ms="133" status="PASS">
          <reporter-output>
          </reporter-output>
        </test-method> <!-- tearDown -->
      </class> <!-- com.tutorialsNinja.TestCases.SearchProductTest -->
      <class name="com.tutorialsNinja.TestCases.RegisterTest">
        <test-method is-config="true" signature="registerSetup()[pri:0, instance:com.tutorialsNinja.TestCases.RegisterTest@5f049ea1]" started-at="2024-03-21T21:01:38 EDT" name="registerSetup" finished-at="2024-03-21T21:01:48 EDT" duration-ms="9716" status="PASS">
          <reporter-output>
          </reporter-output>
        </test-method> <!-- registerSetup -->
        <test-method signature="verifyRegisterWithMandatoryDetails(java.lang.String,java.lang.String,java.lang.String,java.lang.String,java.lang.String)[pri:1, instance:com.tutorialsNinja.TestCases.RegisterTest@5f049ea1]" started-at="2024-03-21T21:01:48 EDT" name="verifyRegisterWithMandatoryDetails" data-provider="TNRegister" finished-at="2024-03-21T21:01:50 EDT" duration-ms="1542" status="PASS">
          <params>
            <param index="0">
              <value>
                <![CDATA[Selenium]]>
              </value>
            </param>
            <param index="1">
              <value>
                <![CDATA[Panda]]>
              </value>
            </param>
            <param index="2">
              <value>
                <![CDATA[2147483647]]>
              </value>
            </param>
            <param index="3">
              <value>
                <![CDATA[Selenium@123]]>
              </value>
            </param>
            <param index="4">
              <value>
                <![CDATA[Selenium@123]]>
              </value>
            </param>
          </params>
          <reporter-output>
          </reporter-output>
        </test-method> <!-- verifyRegisterWithMandatoryDetails -->
        <test-method is-config="true" signature="tearDown()[pri:0, instance:com.tutorialsNinja.TestCases.RegisterTest@5f049ea1]" started-at="2024-03-21T21:01:50 EDT" name="tearDown" finished-at="2024-03-21T21:01:50 EDT" duration-ms="196" status="PASS">
          <reporter-output>
          </reporter-output>
        </test-method> <!-- tearDown -->
        <test-method is-config="true" signature="registerSetup()[pri:0, instance:com.tutorialsNinja.TestCases.RegisterTest@5f049ea1]" started-at="2024-03-21T21:01:50 EDT" name="registerSetup" finished-at="2024-03-21T21:01:56 EDT" duration-ms="6430" status="PASS">
          <reporter-output>
          </reporter-output>
        </test-method> <!-- registerSetup -->
        <test-method signature="verifyRegisterWithMandatoryDetails(java.lang.String,java.lang.String,java.lang.String,java.lang.String,java.lang.String)[pri:1, instance:com.tutorialsNinja.TestCases.RegisterTest@5f049ea1]" started-at="2024-03-21T21:01:56 EDT" name="verifyRegisterWithMandatoryDetails" data-provider="TNRegister" finished-at="2024-03-21T21:01:58 EDT" duration-ms="1412" status="PASS">
          <params>
            <param index="0">
              <value>
                <![CDATA[Selenium]]>
              </value>
            </param>
            <param index="1">
              <value>
                <![CDATA[Panda]]>
              </value>
            </param>
            <param index="2">
              <value>
                <![CDATA[2147483647]]>
              </value>
            </param>
            <param index="3">
              <value>
                <![CDATA[Selenium@123]]>
              </value>
            </param>
            <param index="4">
              <value>
                <![CDATA[Selenium@123]]>
              </value>
            </param>
          </params>
          <reporter-output>
          </reporter-output>
        </test-method> <!-- verifyRegisterWithMandatoryDetails -->
        <test-method is-config="true" signature="tearDown()[pri:0, instance:com.tutorialsNinja.TestCases.RegisterTest@5f049ea1]" started-at="2024-03-21T21:01:58 EDT" name="tearDown" finished-at="2024-03-21T21:01:58 EDT" duration-ms="108" status="PASS">
          <reporter-output>
          </reporter-output>
        </test-method> <!-- tearDown -->
        <test-method is-config="true" signature="registerSetup()[pri:0, instance:com.tutorialsNinja.TestCases.RegisterTest@5f049ea1]" started-at="2024-03-21T21:01:58 EDT" name="registerSetup" finished-at="2024-03-21T21:02:04 EDT" duration-ms="6352" status="PASS">
          <reporter-output>
          </reporter-output>
        </test-method> <!-- registerSetup -->
        <test-method signature="verifyRegisterWithMandatoryDetails(java.lang.String,java.lang.String,java.lang.String,java.lang.String,java.lang.String)[pri:1, instance:com.tutorialsNinja.TestCases.RegisterTest@5f049ea1]" started-at="2024-03-21T21:02:04 EDT" name="verifyRegisterWithMandatoryDetails" data-provider="TNRegister" finished-at="2024-03-21T21:02:06 EDT" duration-ms="1532" status="PASS">
          <params>
            <param index="0">
              <value>
                <![CDATA[Selenium]]>
              </value>
            </param>
            <param index="1">
              <value>
                <![CDATA[Panda]]>
              </value>
            </param>
            <param index="2">
              <value>
                <![CDATA[2147483647]]>
              </value>
            </param>
            <param index="3">
              <value>
                <![CDATA[Selenium@123]]>
              </value>
            </param>
            <param index="4">
              <value>
                <![CDATA[Selenium@123]]>
              </value>
            </param>
          </params>
          <reporter-output>
          </reporter-output>
        </test-method> <!-- verifyRegisterWithMandatoryDetails -->
        <test-method is-config="true" signature="tearDown()[pri:0, instance:com.tutorialsNinja.TestCases.RegisterTest@5f049ea1]" started-at="2024-03-21T21:02:06 EDT" name="tearDown" finished-at="2024-03-21T21:02:06 EDT" duration-ms="125" status="PASS">
          <reporter-output>
          </reporter-output>
        </test-method> <!-- tearDown -->
        <test-method is-config="true" signature="registerSetup()[pri:0, instance:com.tutorialsNinja.TestCases.RegisterTest@5f049ea1]" started-at="2024-03-21T21:02:06 EDT" name="registerSetup" finished-at="2024-03-21T21:02:17 EDT" duration-ms="10823" status="PASS">
          <reporter-output>
          </reporter-output>
        </test-method> <!-- registerSetup -->
        <test-method signature="verifyRegisterWithMandatoryDetails(java.lang.String,java.lang.String,java.lang.String,java.lang.String,java.lang.String)[pri:1, instance:com.tutorialsNinja.TestCases.RegisterTest@5f049ea1]" started-at="2024-03-21T21:02:17 EDT" name="verifyRegisterWithMandatoryDetails" data-provider="TNRegister" finished-at="2024-03-21T21:02:18 EDT" duration-ms="1415" status="PASS">
          <params>
            <param index="0">
              <value>
                <![CDATA[Selenium]]>
              </value>
            </param>
            <param index="1">
              <value>
                <![CDATA[Panda]]>
              </value>
            </param>
            <param index="2">
              <value>
                <![CDATA[2147483647]]>
              </value>
            </param>
            <param index="3">
              <value>
                <![CDATA[Selenium@123]]>
              </value>
            </param>
            <param index="4">
              <value>
                <![CDATA[Selenium@123]]>
              </value>
            </param>
          </params>
          <reporter-output>
          </reporter-output>
        </test-method> <!-- verifyRegisterWithMandatoryDetails -->
        <test-method is-config="true" signature="tearDown()[pri:0, instance:com.tutorialsNinja.TestCases.RegisterTest@5f049ea1]" started-at="2024-03-21T21:02:18 EDT" name="tearDown" finished-at="2024-03-21T21:02:18 EDT" duration-ms="139" status="PASS">
          <reporter-output>
          </reporter-output>
        </test-method> <!-- tearDown -->
        <test-method is-config="true" signature="registerSetup()[pri:0, instance:com.tutorialsNinja.TestCases.RegisterTest@5f049ea1]" started-at="2024-03-21T21:02:18 EDT" name="registerSetup" finished-at="2024-03-21T21:02:25 EDT" duration-ms="6451" status="PASS">
          <reporter-output>
          </reporter-output>
        </test-method> <!-- registerSetup -->
        <test-method signature="verifyRegisterWithMandatoryDetails(java.lang.String,java.lang.String,java.lang.String,java.lang.String,java.lang.String)[pri:1, instance:com.tutorialsNinja.TestCases.RegisterTest@5f049ea1]" started-at="2024-03-21T21:02:25 EDT" name="verifyRegisterWithMandatoryDetails" data-provider="TNRegister" finished-at="2024-03-21T21:02:26 EDT" duration-ms="1421" status="PASS">
          <params>
            <param index="0">
              <value>
                <![CDATA[Selenium]]>
              </value>
            </param>
            <param index="1">
              <value>
                <![CDATA[Panda]]>
              </value>
            </param>
            <param index="2">
              <value>
                <![CDATA[2147483647]]>
              </value>
            </param>
            <param index="3">
              <value>
                <![CDATA[Selenium@123]]>
              </value>
            </param>
            <param index="4">
              <value>
                <![CDATA[Selenium@123]]>
              </value>
            </param>
          </params>
          <reporter-output>
          </reporter-output>
        </test-method> <!-- verifyRegisterWithMandatoryDetails -->
        <test-method is-config="true" signature="tearDown()[pri:0, instance:com.tutorialsNinja.TestCases.RegisterTest@5f049ea1]" started-at="2024-03-21T21:02:26 EDT" name="tearDown" finished-at="2024-03-21T21:02:26 EDT" duration-ms="121" status="PASS">
          <reporter-output>
          </reporter-output>
        </test-method> <!-- tearDown -->
        <test-method is-config="true" signature="registerSetup()[pri:0, instance:com.tutorialsNinja.TestCases.RegisterTest@5f049ea1]" started-at="2024-03-21T21:02:26 EDT" name="registerSetup" finished-at="2024-03-21T21:02:33 EDT" duration-ms="6596" status="PASS">
          <reporter-output>
          </reporter-output>
        </test-method> <!-- registerSetup -->
        <test-method signature="verifyRegisterWithMandatoryDetails(java.lang.String,java.lang.String,java.lang.String,java.lang.String,java.lang.String)[pri:1, instance:com.tutorialsNinja.TestCases.RegisterTest@5f049ea1]" started-at="2024-03-21T21:02:33 EDT" name="verifyRegisterWithMandatoryDetails" data-provider="TNRegister" finished-at="2024-03-21T21:02:34 EDT" duration-ms="1412" status="PASS">
          <params>
            <param index="0">
              <value>
                <![CDATA[Selenium]]>
              </value>
            </param>
            <param index="1">
              <value>
                <![CDATA[Panda]]>
              </value>
            </param>
            <param index="2">
              <value>
                <![CDATA[2147483647]]>
              </value>
            </param>
            <param index="3">
              <value>
                <![CDATA[Selenium@123]]>
              </value>
            </param>
            <param index="4">
              <value>
                <![CDATA[Selenium@123]]>
              </value>
            </param>
          </params>
          <reporter-output>
          </reporter-output>
        </test-method> <!-- verifyRegisterWithMandatoryDetails -->
        <test-method is-config="true" signature="tearDown()[pri:0, instance:com.tutorialsNinja.TestCases.RegisterTest@5f049ea1]" started-at="2024-03-21T21:02:34 EDT" name="tearDown" finished-at="2024-03-21T21:02:34 EDT" duration-ms="132" status="PASS">
          <reporter-output>
          </reporter-output>
        </test-method> <!-- tearDown -->
        <test-method is-config="true" signature="registerSetup()[pri:0, instance:com.tutorialsNinja.TestCases.RegisterTest@5f049ea1]" started-at="2024-03-21T21:02:34 EDT" name="registerSetup" finished-at="2024-03-21T21:02:55 EDT" duration-ms="20965" status="PASS">
          <reporter-output>
          </reporter-output>
        </test-method> <!-- registerSetup -->
        <test-method signature="verifyRegisterWithMandatoryDetails(java.lang.String,java.lang.String,java.lang.String,java.lang.String,java.lang.String)[pri:1, instance:com.tutorialsNinja.TestCases.RegisterTest@5f049ea1]" started-at="2024-03-21T21:02:55 EDT" name="verifyRegisterWithMandatoryDetails" data-provider="TNRegister" finished-at="2024-03-21T21:02:57 EDT" duration-ms="1667" status="PASS">
          <params>
            <param index="0">
              <value>
                <![CDATA[Selenium]]>
              </value>
            </param>
            <param index="1">
              <value>
                <![CDATA[Panda]]>
              </value>
            </param>
            <param index="2">
              <value>
                <![CDATA[2147483647]]>
              </value>
            </param>
            <param index="3">
              <value>
                <![CDATA[Selenium@123]]>
              </value>
            </param>
            <param index="4">
              <value>
                <![CDATA[Selenium@123]]>
              </value>
            </param>
          </params>
          <reporter-output>
          </reporter-output>
        </test-method> <!-- verifyRegisterWithMandatoryDetails -->
        <test-method is-config="true" signature="tearDown()[pri:0, instance:com.tutorialsNinja.TestCases.RegisterTest@5f049ea1]" started-at="2024-03-21T21:02:57 EDT" name="tearDown" finished-at="2024-03-21T21:02:57 EDT" duration-ms="159" status="PASS">
          <reporter-output>
          </reporter-output>
        </test-method> <!-- tearDown -->
        <test-method is-config="true" signature="registerSetup()[pri:0, instance:com.tutorialsNinja.TestCases.RegisterTest@5f049ea1]" started-at="2024-03-21T21:02:57 EDT" name="registerSetup" finished-at="2024-03-21T21:03:04 EDT" duration-ms="6669" status="PASS">
          <reporter-output>
          </reporter-output>
        </test-method> <!-- registerSetup -->
        <test-method signature="verifyRegisterWithMandatoryDetails(java.lang.String,java.lang.String,java.lang.String,java.lang.String,java.lang.String)[pri:1, instance:com.tutorialsNinja.TestCases.RegisterTest@5f049ea1]" started-at="2024-03-21T21:03:04 EDT" name="verifyRegisterWithMandatoryDetails" data-provider="TNRegister" finished-at="2024-03-21T21:03:05 EDT" duration-ms="1457" status="PASS">
          <params>
            <param index="0">
              <value>
                <![CDATA[Selenium]]>
              </value>
            </param>
            <param index="1">
              <value>
                <![CDATA[Panda]]>
              </value>
            </param>
            <param index="2">
              <value>
                <![CDATA[2147483647]]>
              </value>
            </param>
            <param index="3">
              <value>
                <![CDATA[Selenium@123]]>
              </value>
            </param>
            <param index="4">
              <value>
                <![CDATA[Selenium@123]]>
              </value>
            </param>
          </params>
          <reporter-output>
          </reporter-output>
        </test-method> <!-- verifyRegisterWithMandatoryDetails -->
        <test-method is-config="true" signature="tearDown()[pri:0, instance:com.tutorialsNinja.TestCases.RegisterTest@5f049ea1]" started-at="2024-03-21T21:03:05 EDT" name="tearDown" finished-at="2024-03-21T21:03:05 EDT" duration-ms="191" status="PASS">
          <reporter-output>
          </reporter-output>
        </test-method> <!-- tearDown -->
        <test-method is-config="true" signature="registerSetup()[pri:0, instance:com.tutorialsNinja.TestCases.RegisterTest@5f049ea1]" started-at="2024-03-21T21:03:05 EDT" name="registerSetup" finished-at="2024-03-21T21:03:12 EDT" duration-ms="6226" status="PASS">
          <reporter-output>
          </reporter-output>
        </test-method> <!-- registerSetup -->
        <test-method signature="verifyRegisterWithAllDetails()[pri:2, instance:com.tutorialsNinja.TestCases.RegisterTest@5f049ea1]" started-at="2024-03-21T21:03:12 EDT" name="verifyRegisterWithAllDetails" finished-at="2024-03-21T21:03:13 EDT" duration-ms="1426" status="PASS">
          <reporter-output>
          </reporter-output>
        </test-method> <!-- verifyRegisterWithAllDetails -->
        <test-method is-config="true" signature="tearDown()[pri:0, instance:com.tutorialsNinja.TestCases.RegisterTest@5f049ea1]" started-at="2024-03-21T21:03:13 EDT" name="tearDown" finished-at="2024-03-21T21:03:13 EDT" duration-ms="129" status="PASS">
          <reporter-output>
          </reporter-output>
        </test-method> <!-- tearDown -->
        <test-method is-config="true" signature="registerSetup()[pri:0, instance:com.tutorialsNinja.TestCases.RegisterTest@5f049ea1]" started-at="2024-03-21T21:03:13 EDT" name="registerSetup" finished-at="2024-03-21T21:03:20 EDT" duration-ms="6362" status="PASS">
          <reporter-output>
          </reporter-output>
        </test-method> <!-- registerSetup -->
        <test-method signature="verifyRegisterWithExistingEmail()[pri:3, instance:com.tutorialsNinja.TestCases.RegisterTest@5f049ea1]" started-at="2024-03-21T21:03:20 EDT" name="verifyRegisterWithExistingEmail" finished-at="2024-03-21T21:03:21 EDT" duration-ms="1048" status="PASS">
          <reporter-output>
          </reporter-output>
        </test-method> <!-- verifyRegisterWithExistingEmail -->
        <test-method is-config="true" signature="tearDown()[pri:0, instance:com.tutorialsNinja.TestCases.RegisterTest@5f049ea1]" started-at="2024-03-21T21:03:21 EDT" name="tearDown" finished-at="2024-03-21T21:03:21 EDT" duration-ms="140" status="PASS">
          <reporter-output>
          </reporter-output>
        </test-method> <!-- tearDown -->
        <test-method is-config="true" signature="registerSetup()[pri:0, instance:com.tutorialsNinja.TestCases.RegisterTest@5f049ea1]" started-at="2024-03-21T21:03:21 EDT" name="registerSetup" finished-at="2024-03-21T21:03:29 EDT" duration-ms="8125" status="PASS">
          <reporter-output>
          </reporter-output>
        </test-method> <!-- registerSetup -->
        <test-method signature="verifyRegisterWithWrongConfirmPassword()[pri:4, instance:com.tutorialsNinja.TestCases.RegisterTest@5f049ea1]" started-at="2024-03-21T21:03:29 EDT" name="verifyRegisterWithWrongConfirmPassword" finished-at="2024-03-21T21:03:30 EDT" duration-ms="1089" status="PASS">
          <reporter-output>
          </reporter-output>
        </test-method> <!-- verifyRegisterWithWrongConfirmPassword -->
        <test-method is-config="true" signature="tearDown()[pri:0, instance:com.tutorialsNinja.TestCases.RegisterTest@5f049ea1]" started-at="2024-03-21T21:03:30 EDT" name="tearDown" finished-at="2024-03-21T21:03:30 EDT" duration-ms="138" status="PASS">
          <reporter-output>
          </reporter-output>
        </test-method> <!-- tearDown -->
        <test-method is-config="true" signature="registerSetup()[pri:0, instance:com.tutorialsNinja.TestCases.RegisterTest@5f049ea1]" started-at="2024-03-21T21:03:30 EDT" name="registerSetup" finished-at="2024-03-21T21:03:43 EDT" duration-ms="13251" status="PASS">
          <reporter-output>
          </reporter-output>
        </test-method> <!-- registerSetup -->
        <test-method signature="verifyRegisterWithNoDetails()[pri:5, instance:com.tutorialsNinja.TestCases.RegisterTest@5f049ea1]" started-at="2024-03-21T21:03:43 EDT" name="verifyRegisterWithNoDetails" finished-at="2024-03-21T21:03:44 EDT" duration-ms="598" status="PASS">
          <reporter-output>
          </reporter-output>
        </test-method> <!-- verifyRegisterWithNoDetails -->
        <test-method is-config="true" signature="tearDown()[pri:0, instance:com.tutorialsNinja.TestCases.RegisterTest@5f049ea1]" started-at="2024-03-21T21:03:44 EDT" name="tearDown" finished-at="2024-03-21T21:03:44 EDT" duration-ms="116" status="PASS">
          <reporter-output>
          </reporter-output>
        </test-method> <!-- tearDown -->
      </class> <!-- com.tutorialsNinja.TestCases.RegisterTest -->
      <class name="com.tutorialsNinja.TestCases.LoginTest">
        <test-method is-config="true" signature="loginSetup()[pri:0, instance:com.tutorialsNinja.TestCases.LoginTest@6d60fe40]" started-at="2024-03-21T21:03:44 EDT" name="loginSetup" finished-at="2024-03-21T21:03:53 EDT" duration-ms="8761" status="PASS">
          <reporter-output>
          </reporter-output>
        </test-method> <!-- loginSetup -->
        <test-method signature="loginWithValidCredentials(java.lang.String,java.lang.String)[pri:1, instance:com.tutorialsNinja.TestCases.LoginTest@6d60fe40]" started-at="2024-03-21T21:03:53 EDT" name="loginWithValidCredentials" data-provider="TNLogin" finished-at="2024-03-21T21:03:54 EDT" duration-ms="1294" status="PASS">
          <params>
            <param index="0">
              <value>
                <![CDATA[seleniumpanda@gmail.com]]>
              </value>
            </param>
            <param index="1">
              <value>
                <![CDATA[Selenium@123]]>
              </value>
            </param>
          </params>
          <reporter-output>
          </reporter-output>
        </test-method> <!-- loginWithValidCredentials -->
        <test-method is-config="true" signature="tearDown()[pri:0, instance:com.tutorialsNinja.TestCases.LoginTest@6d60fe40]" started-at="2024-03-21T21:03:54 EDT" name="tearDown" finished-at="2024-03-21T21:03:54 EDT" duration-ms="115" status="PASS">
          <reporter-output>
          </reporter-output>
        </test-method> <!-- tearDown -->
        <test-method is-config="true" signature="loginSetup()[pri:0, instance:com.tutorialsNinja.TestCases.LoginTest@6d60fe40]" started-at="2024-03-21T21:03:54 EDT" name="loginSetup" finished-at="2024-03-21T21:04:00 EDT" duration-ms="5880" status="PASS">
          <reporter-output>
          </reporter-output>
        </test-method> <!-- loginSetup -->
        <test-method signature="loginWithValidCredentials(java.lang.String,java.lang.String)[pri:1, instance:com.tutorialsNinja.TestCases.LoginTest@6d60fe40]" started-at="2024-03-21T21:04:00 EDT" name="loginWithValidCredentials" data-provider="TNLogin" finished-at="2024-03-21T21:04:02 EDT" duration-ms="1327" status="PASS">
          <params>
            <param index="0">
              <value>
                <![CDATA[seleniumpanda1@gmail.com]]>
              </value>
            </param>
            <param index="1">
              <value>
                <![CDATA[Selenium@123]]>
              </value>
            </param>
          </params>
          <reporter-output>
          </reporter-output>
        </test-method> <!-- loginWithValidCredentials -->
        <test-method is-config="true" signature="tearDown()[pri:0, instance:com.tutorialsNinja.TestCases.LoginTest@6d60fe40]" started-at="2024-03-21T21:04:02 EDT" name="tearDown" finished-at="2024-03-21T21:04:02 EDT" duration-ms="122" status="PASS">
          <reporter-output>
          </reporter-output>
        </test-method> <!-- tearDown -->
        <test-method is-config="true" signature="loginSetup()[pri:0, instance:com.tutorialsNinja.TestCases.LoginTest@6d60fe40]" started-at="2024-03-21T21:04:02 EDT" name="loginSetup" finished-at="2024-03-21T21:04:12 EDT" duration-ms="9977" status="PASS">
          <reporter-output>
          </reporter-output>
        </test-method> <!-- loginSetup -->
        <test-method signature="loginWithValidCredentials(java.lang.String,java.lang.String)[pri:1, instance:com.tutorialsNinja.TestCases.LoginTest@6d60fe40]" started-at="2024-03-21T21:04:12 EDT" name="loginWithValidCredentials" data-provider="TNLogin" finished-at="2024-03-21T21:04:13 EDT" duration-ms="1051" status="PASS">
          <params>
            <param index="0">
              <value>
                <![CDATA[seleniumpanda2@gmail.com]]>
              </value>
            </param>
            <param index="1">
              <value>
                <![CDATA[Selenium@123]]>
              </value>
            </param>
          </params>
          <reporter-output>
          </reporter-output>
        </test-method> <!-- loginWithValidCredentials -->
        <test-method is-config="true" signature="tearDown()[pri:0, instance:com.tutorialsNinja.TestCases.LoginTest@6d60fe40]" started-at="2024-03-21T21:04:13 EDT" name="tearDown" finished-at="2024-03-21T21:04:13 EDT" duration-ms="150" status="PASS">
          <reporter-output>
          </reporter-output>
        </test-method> <!-- tearDown -->
        <test-method is-config="true" signature="loginSetup()[pri:0, instance:com.tutorialsNinja.TestCases.LoginTest@6d60fe40]" started-at="2024-03-21T21:04:13 EDT" name="loginSetup" finished-at="2024-03-21T21:04:19 EDT" duration-ms="5986" status="PASS">
          <reporter-output>
          </reporter-output>
        </test-method> <!-- loginSetup -->
        <test-method signature="loginWithValidCredentials(java.lang.String,java.lang.String)[pri:1, instance:com.tutorialsNinja.TestCases.LoginTest@6d60fe40]" started-at="2024-03-21T21:04:19 EDT" name="loginWithValidCredentials" data-provider="TNLogin" finished-at="2024-03-21T21:04:20 EDT" duration-ms="1275" status="PASS">
          <params>
            <param index="0">
              <value>
                <![CDATA[seleniumpanda3@gmail.com]]>
              </value>
            </param>
            <param index="1">
              <value>
                <![CDATA[Selenium@123]]>
              </value>
            </param>
          </params>
          <reporter-output>
          </reporter-output>
        </test-method> <!-- loginWithValidCredentials -->
        <test-method is-config="true" signature="tearDown()[pri:0, instance:com.tutorialsNinja.TestCases.LoginTest@6d60fe40]" started-at="2024-03-21T21:04:20 EDT" name="tearDown" finished-at="2024-03-21T21:04:20 EDT" duration-ms="119" status="PASS">
          <reporter-output>
          </reporter-output>
        </test-method> <!-- tearDown -->
        <test-method is-config="true" signature="loginSetup()[pri:0, instance:com.tutorialsNinja.TestCases.LoginTest@6d60fe40]" started-at="2024-03-21T21:04:20 EDT" name="loginSetup" finished-at="2024-03-21T21:04:26 EDT" duration-ms="5659" status="PASS">
          <reporter-output>
          </reporter-output>
        </test-method> <!-- loginSetup -->
        <test-method signature="loginWithValidCredentials(java.lang.String,java.lang.String)[pri:1, instance:com.tutorialsNinja.TestCases.LoginTest@6d60fe40]" started-at="2024-03-21T21:04:26 EDT" name="loginWithValidCredentials" data-provider="TNLogin" finished-at="2024-03-21T21:04:27 EDT" duration-ms="1346" status="PASS">
          <params>
            <param index="0">
              <value>
                <![CDATA[seleniumpanda4@gmail.com]]>
              </value>
            </param>
            <param index="1">
              <value>
                <![CDATA[Selenium@123]]>
              </value>
            </param>
          </params>
          <reporter-output>
          </reporter-output>
        </test-method> <!-- loginWithValidCredentials -->
        <test-method is-config="true" signature="tearDown()[pri:0, instance:com.tutorialsNinja.TestCases.LoginTest@6d60fe40]" started-at="2024-03-21T21:04:27 EDT" name="tearDown" finished-at="2024-03-21T21:04:27 EDT" duration-ms="149" status="PASS">
          <reporter-output>
          </reporter-output>
        </test-method> <!-- tearDown -->
        <test-method is-config="true" signature="loginSetup()[pri:0, instance:com.tutorialsNinja.TestCases.LoginTest@6d60fe40]" started-at="2024-03-21T21:04:27 EDT" name="loginSetup" finished-at="2024-03-21T21:04:34 EDT" duration-ms="6139" status="PASS">
          <reporter-output>
          </reporter-output>
        </test-method> <!-- loginSetup -->
        <test-method signature="loginWithValidCredentials(java.lang.String,java.lang.String)[pri:1, instance:com.tutorialsNinja.TestCases.LoginTest@6d60fe40]" started-at="2024-03-21T21:04:34 EDT" name="loginWithValidCredentials" data-provider="TNLogin" finished-at="2024-03-21T21:04:35 EDT" duration-ms="1027" status="PASS">
          <params>
            <param index="0">
              <value>
                <![CDATA[seleniumpanda5@gmail.com]]>
              </value>
            </param>
            <param index="1">
              <value>
                <![CDATA[Selenium@123]]>
              </value>
            </param>
          </params>
          <reporter-output>
          </reporter-output>
        </test-method> <!-- loginWithValidCredentials -->
        <test-method is-config="true" signature="tearDown()[pri:0, instance:com.tutorialsNinja.TestCases.LoginTest@6d60fe40]" started-at="2024-03-21T21:04:35 EDT" name="tearDown" finished-at="2024-03-21T21:04:35 EDT" duration-ms="128" status="PASS">
          <reporter-output>
          </reporter-output>
        </test-method> <!-- tearDown -->
        <test-method is-config="true" signature="loginSetup()[pri:0, instance:com.tutorialsNinja.TestCases.LoginTest@6d60fe40]" started-at="2024-03-21T21:04:35 EDT" name="loginSetup" finished-at="2024-03-21T21:04:41 EDT" duration-ms="5977" status="PASS">
          <reporter-output>
          </reporter-output>
        </test-method> <!-- loginSetup -->
        <test-method signature="loginWithValidCredentials(java.lang.String,java.lang.String)[pri:1, instance:com.tutorialsNinja.TestCases.LoginTest@6d60fe40]" started-at="2024-03-21T21:04:41 EDT" name="loginWithValidCredentials" data-provider="TNLogin" finished-at="2024-03-21T21:04:42 EDT" duration-ms="1041" status="PASS">
          <params>
            <param index="0">
              <value>
                <![CDATA[seleniumpanda6@gmail.com]]>
              </value>
            </param>
            <param index="1">
              <value>
                <![CDATA[Selenium@123]]>
              </value>
            </param>
          </params>
          <reporter-output>
          </reporter-output>
        </test-method> <!-- loginWithValidCredentials -->
        <test-method is-config="true" signature="tearDown()[pri:0, instance:com.tutorialsNinja.TestCases.LoginTest@6d60fe40]" started-at="2024-03-21T21:04:42 EDT" name="tearDown" finished-at="2024-03-21T21:04:42 EDT" duration-ms="133" status="PASS">
          <reporter-output>
          </reporter-output>
        </test-method> <!-- tearDown -->
        <test-method is-config="true" signature="loginSetup()[pri:0, instance:com.tutorialsNinja.TestCases.LoginTest@6d60fe40]" started-at="2024-03-21T21:04:42 EDT" name="loginSetup" finished-at="2024-03-21T21:04:49 EDT" duration-ms="7231" status="PASS">
          <reporter-output>
          </reporter-output>
        </test-method> <!-- loginSetup -->
        <test-method signature="loginWithValidCredentials(java.lang.String,java.lang.String)[pri:1, instance:com.tutorialsNinja.TestCases.LoginTest@6d60fe40]" started-at="2024-03-21T21:04:49 EDT" name="loginWithValidCredentials" data-provider="TNLogin" finished-at="2024-03-21T21:04:50 EDT" duration-ms="1047" status="PASS">
          <params>
            <param index="0">
              <value>
                <![CDATA[seleniumpanda7@gmail.com]]>
              </value>
            </param>
            <param index="1">
              <value>
                <![CDATA[Selenium@123]]>
              </value>
            </param>
          </params>
          <reporter-output>
          </reporter-output>
        </test-method> <!-- loginWithValidCredentials -->
        <test-method is-config="true" signature="tearDown()[pri:0, instance:com.tutorialsNinja.TestCases.LoginTest@6d60fe40]" started-at="2024-03-21T21:04:50 EDT" name="tearDown" finished-at="2024-03-21T21:04:50 EDT" duration-ms="131" status="PASS">
          <reporter-output>
          </reporter-output>
        </test-method> <!-- tearDown -->
        <test-method is-config="true" signature="loginSetup()[pri:0, instance:com.tutorialsNinja.TestCases.LoginTest@6d60fe40]" started-at="2024-03-21T21:04:50 EDT" name="loginSetup" finished-at="2024-03-21T21:05:07 EDT" duration-ms="16530" status="PASS">
          <reporter-output>
          </reporter-output>
        </test-method> <!-- loginSetup -->
        <test-method signature="loginWithValidEmailInvalidPassword()[pri:2, instance:com.tutorialsNinja.TestCases.LoginTest@6d60fe40]" started-at="2024-03-21T21:05:07 EDT" name="loginWithValidEmailInvalidPassword" finished-at="2024-03-21T21:05:08 EDT" duration-ms="792" status="PASS">
          <reporter-output>
          </reporter-output>
        </test-method> <!-- loginWithValidEmailInvalidPassword -->
        <test-method is-config="true" signature="tearDown()[pri:0, instance:com.tutorialsNinja.TestCases.LoginTest@6d60fe40]" started-at="2024-03-21T21:05:08 EDT" name="tearDown" finished-at="2024-03-21T21:05:08 EDT" duration-ms="119" status="PASS">
          <reporter-output>
          </reporter-output>
        </test-method> <!-- tearDown -->
        <test-method is-config="true" signature="loginSetup()[pri:0, instance:com.tutorialsNinja.TestCases.LoginTest@6d60fe40]" started-at="2024-03-21T21:05:08 EDT" name="loginSetup" finished-at="2024-03-21T21:05:17 EDT" duration-ms="9057" status="PASS">
          <reporter-output>
          </reporter-output>
        </test-method> <!-- loginSetup -->
        <test-method signature="loginWithInvalidEmailValidPassword()[pri:3, instance:com.tutorialsNinja.TestCases.LoginTest@6d60fe40]" started-at="2024-03-21T21:05:17 EDT" name="loginWithInvalidEmailValidPassword" finished-at="2024-03-21T21:05:18 EDT" duration-ms="782" status="PASS">
          <reporter-output>
          </reporter-output>
        </test-method> <!-- loginWithInvalidEmailValidPassword -->
        <test-method is-config="true" signature="tearDown()[pri:0, instance:com.tutorialsNinja.TestCases.LoginTest@6d60fe40]" started-at="2024-03-21T21:05:18 EDT" name="tearDown" finished-at="2024-03-21T21:05:18 EDT" duration-ms="131" status="PASS">
          <reporter-output>
          </reporter-output>
        </test-method> <!-- tearDown -->
        <test-method is-config="true" signature="loginSetup()[pri:0, instance:com.tutorialsNinja.TestCases.LoginTest@6d60fe40]" started-at="2024-03-21T21:05:18 EDT" name="loginSetup" finished-at="2024-03-21T21:05:25 EDT" duration-ms="6923" status="PASS">
          <reporter-output>
          </reporter-output>
        </test-method> <!-- loginSetup -->
        <test-method signature="loginWithInvalidCredentials()[pri:4, instance:com.tutorialsNinja.TestCases.LoginTest@6d60fe40]" started-at="2024-03-21T21:05:25 EDT" name="loginWithInvalidCredentials" finished-at="2024-03-21T21:05:25 EDT" duration-ms="807" status="PASS">
          <reporter-output>
          </reporter-output>
        </test-method> <!-- loginWithInvalidCredentials -->
        <test-method is-config="true" signature="tearDown()[pri:0, instance:com.tutorialsNinja.TestCases.LoginTest@6d60fe40]" started-at="2024-03-21T21:05:25 EDT" name="tearDown" finished-at="2024-03-21T21:05:26 EDT" duration-ms="151" status="PASS">
          <reporter-output>
          </reporter-output>
        </test-method> <!-- tearDown -->
        <test-method is-config="true" signature="loginSetup()[pri:0, instance:com.tutorialsNinja.TestCases.LoginTest@6d60fe40]" started-at="2024-03-21T21:05:26 EDT" name="loginSetup" finished-at="2024-03-21T21:05:32 EDT" duration-ms="6118" status="PASS">
          <reporter-output>
          </reporter-output>
        </test-method> <!-- loginSetup -->
        <test-method signature="loginWithNoCredentials()[pri:5, instance:com.tutorialsNinja.TestCases.LoginTest@6d60fe40]" started-at="2024-03-21T21:05:32 EDT" name="loginWithNoCredentials" finished-at="2024-03-21T21:05:32 EDT" duration-ms="803" status="PASS">
          <reporter-output>
          </reporter-output>
        </test-method> <!-- loginWithNoCredentials -->
        <test-method is-config="true" signature="tearDown()[pri:0, instance:com.tutorialsNinja.TestCases.LoginTest@6d60fe40]" started-at="2024-03-21T21:05:32 EDT" name="tearDown" finished-at="2024-03-21T21:05:33 EDT" duration-ms="119" status="PASS">
          <reporter-output>
          </reporter-output>
        </test-method> <!-- tearDown -->
      </class> <!-- com.tutorialsNinja.TestCases.LoginTest -->
    </test> <!-- Test -->
  </suite> <!-- Suite -->
</testng-results>
